{"logTime": "1212/071016", "correlationVector":"uT7QTEPyS0E+16MWhjwNEG.1","action":"SyncServerConnectionManagerRequest", "result":"SYNC_SERVER_OK", "context":{"environment":"Prod_southeastasia_prod-s01-065-apac-southeastasia", "migrationStage":"NotStarted", "server":"akswtt00300000g"}}
{"logTime": "1212/071018", "correlationVector":"IhDlyJ4wVoG3qj04G8H55N","action":"SyncServerConnectionManagerRequest", "result":"SYNC_SERVER_OK", "context":{"environment":"", "migrationStage":"", "server":""}}
{"logTime": "1212/071018", "correlationVector":"uT7QTEPyS0E+16MWhjwNEG","action":"Initial GetUpdates", "result":"", "context":Reason: NEW_CLIENT. cV=uT7QTEPyS0E+16MWhjwNEG}
{"logTime": "1212/071018", "correlationVector":"uT7QTEPyS0E+16MWhjwNEG.2","action":"GetUpdates Response", "result":"Success", "context":Received 1 update(s). cV=uT7QTEPyS0E+16MWhjwNEG.0;server=akswtt00300000g;cloudType=Consumer;environment=Prod_southeastasia_prod-s01-065-apac-southeastasia;migrationStage=NotStarted}
{"logTime": "1212/071018", "correlationVector":"meVzElD/zZX4EOUOzcVu7Z","action":"Initial GetUpdates", "result":"", "context":Reason: NEWLY_SUPPORTED_DATATYPE. cV=meVzElD/zZX4EOUOzcVu7Z}
{"logTime": "1212/071018", "correlationVector":"meVzElD/zZX4EOUOzcVu7Z.1","action":"SyncServerConnectionManagerRequest", "result":"SYNC_SERVER_OK", "context":{"environment":"Prod_southeastasia_prod-s01-065-apac-southeastasia", "migrationStage":"NotStarted", "server":"akswtt00300002a"}}
{"logTime": "1212/071018", "correlationVector":"meVzElD/zZX4EOUOzcVu7Z.2","action":"GetUpdates Response", "result":"Success", "context":Received 8 update(s). cV=meVzElD/zZX4EOUOzcVu7Z.0;server=akswtt00300002a;cloudType=Consumer;environment=Prod_southeastasia_prod-s01-065-apac-southeastasia;migrationStage=NotStarted}
{"logTime": "1212/071018", "correlationVector":"uykMDb3rIZKZNEbVkm7H70","action":"Initial GetUpdates", "result":"", "context":Reason: NEWLY_SUPPORTED_DATATYPE. cV=uykMDb3rIZKZNEbVkm7H70}
{"logTime": "1212/071019", "correlationVector":"uykMDb3rIZKZNEbVkm7H70.1","action":"SyncServerConnectionManagerRequest", "result":"SYNC_SERVER_OK", "context":{"environment":"Prod_southeastasia_prod-s01-065-apac-southeastasia", "migrationStage":"NotStarted", "server":"akswtt003000020"}}
{"logTime": "1212/071019", "correlationVector":"uykMDb3rIZKZNEbVkm7H70.2","action":"GetUpdates Response", "result":"Success", "context":Received 8 update(s). cV=uykMDb3rIZKZNEbVkm7H70.0;server=akswtt003000020;cloudType=Consumer;environment=Prod_southeastasia_prod-s01-065-apac-southeastasia;migrationStage=NotStarted}
{"logTime": "1212/071019", "correlationVector":"Hv15ZfjUh+aFL+HhQulpuW","action":"Initial GetUpdates", "result":"", "context":Reason: NEWLY_SUPPORTED_DATATYPE. cV=Hv15ZfjUh+aFL+HhQulpuW}
{"logTime": "1212/071019", "correlationVector":"Hv15ZfjUh+aFL+HhQulpuW.1","action":"SyncServerConnectionManagerRequest", "result":"SYNC_SERVER_OK", "context":{"environment":"Prod_southeastasia_prod-s01-065-apac-southeastasia", "migrationStage":"NotStarted", "server":"akswtt003000025"}}
{"logTime": "1212/071019", "correlationVector":"Hv15ZfjUh+aFL+HhQulpuW.2","action":"GetUpdates Response", "result":"Success", "context":Received 3 update(s). cV=Hv15ZfjUh+aFL+HhQulpuW.0;server=akswtt003000025;cloudType=Consumer;environment=Prod_southeastasia_prod-s01-065-apac-southeastasia;migrationStage=NotStarted}
{"logTime": "1212/071019", "correlationVector":"H4iN9hmjFFAC48gt+9TFZ3","action":"Normal GetUpdate request", "result":"", "context":cV=H4iN9hmjFFAC48gt+9TFZ3
Refresh requested types: Bookmarks, Passwords, Autofill Profiles, Autofill, Typed URLs, Edge Wallet, Encryption Keys}
{"logTime": "1212/071020", "correlationVector":"H4iN9hmjFFAC48gt+9TFZ3.1","action":"SyncServerConnectionManagerRequest", "result":"SYNC_SERVER_OK", "context":{"environment":"Prod_southeastasia_prod-s01-065-apac-southeastasia", "migrationStage":"NotStarted", "server":"akswtt00300000s"}}
{"logTime": "1212/071020", "correlationVector":"H4iN9hmjFFAC48gt+9TFZ3.2","action":"GetUpdates Response", "result":"Success", "context":Received 0 update(s). cV=H4iN9hmjFFAC48gt+9TFZ3.0;server=akswtt00300000s;cloudType=Consumer;environment=Prod_southeastasia_prod-s01-065-apac-southeastasia;migrationStage=NotStarted}
{"logTime": "1212/071020", "correlationVector":"eF2hPlDNn5YCbGcHjCLcyC","action":"DoCompareDataConsistency requsted types: ", "result":"Bookmarks, Passwords, Typed URLs, Edge Wallet, Encryption Keys"}
{"logTime": "1212/071020", "correlationVector":"eF2hPlDNn5YCbGcHjCLcyC.0","action":"CompareDataConsistency result: ", "result":"Compare result: Encryption Keys is consistent. local entities count is: 1 local entities hash is: ycX6RmGzcW+ebahkuqxa0MoTyHc="}
{"logTime": "1212/071020", "correlationVector":"eF2hPlDNn5YCbGcHjCLcyC.1","action":"CompareDataConsistency result: ", "result":"Compare result: Bookmarks is consistent. local entities count is: 6 local entities hash is: mEv9e7UrLy+EBgGhFZmcQB4hBNM="}
{"logTime": "1212/071020", "correlationVector":"eF2hPlDNn5YCbGcHjCLcyC.2","action":"CompareDataConsistency result: ", "result":"Server did not send this Typed URLs local entities count is: 0 local entities hash is: "}
{"logTime": "1212/071020", "correlationVector":"eF2hPlDNn5YCbGcHjCLcyC.3","action":"CompareDataConsistency result: ", "result":"Compare result: Edge Wallet is consistent. local entities count is: 0 local entities hash is: "}
{"logTime": "1212/071020", "correlationVector":"eF2hPlDNn5YCbGcHjCLcyC.4","action":"CompareDataConsistency result: ", "result":"Compare result: Passwords is consistent. local entities count is: 8 local entities hash is: 9fPR+JdlIhz2wyXmwrRTPHHnI8o="}
{"logTime": "1212/071020", "correlationVector":"","action":"DIAGNOSTIC_REQUEST|v1/diagnosticData/Diagnostic.SendCheckResult()|SUCCESS", "result":""}
{"logTime": "1212/071514", "correlationVector":"vBKeF0sWm0cWa8sJQaPKPH","action":"Normal GetUpdate request", "result":"", "context":cV=vBKeF0sWm0cWa8sJQaPKPH
Refresh requested types: Bookmarks, Passwords, Autofill Profiles, Autofill, Typed URLs, Edge Wallet, Encryption Keys}
{"logTime": "1212/071515", "correlationVector":"vBKeF0sWm0cWa8sJQaPKPH.1","action":"SyncServerConnectionManagerRequest", "result":"SYNC_SERVER_OK", "context":{"environment":"Prod_southeastasia_prod-s01-065-apac-southeastasia", "migrationStage":"NotStarted", "server":"akswtt00300000g"}}
{"logTime": "1212/071515", "correlationVector":"vBKeF0sWm0cWa8sJQaPKPH.2","action":"GetUpdates Response", "result":"Success", "context":Received 0 update(s). cV=vBKeF0sWm0cWa8sJQaPKPH.0;server=akswtt00300000g;cloudType=Consumer;environment=Prod_southeastasia_prod-s01-065-apac-southeastasia;migrationStage=NotStarted}
{"logTime": "1212/095612", "correlationVector":"hLSk26EDaESLTfPWAQG1zv.1","action":"SyncServerConnectionManagerRequest", "result":"SYNC_SERVER_OK", "context":{"environment":"Prod_southeastasia_prod-s01-065-apac-southeastasia", "migrationStage":"NotStarted", "server":"akswtt00300001r"}}
{"logTime": "1212/095613", "correlationVector":"pXxAQTt8BOu2RQCN1xeyKm","action":"SyncServerConnectionManagerRequest", "result":"SYNC_SERVER_OK", "context":{"environment":"", "migrationStage":"", "server":""}}
{"logTime": "1212/095613", "correlationVector":"hLSk26EDaESLTfPWAQG1zv","action":"Initial GetUpdates", "result":"", "context":Reason: NEW_CLIENT. cV=hLSk26EDaESLTfPWAQG1zv}
{"logTime": "1212/095613", "correlationVector":"hLSk26EDaESLTfPWAQG1zv.2","action":"GetUpdates Response", "result":"Success", "context":Received 1 update(s). cV=hLSk26EDaESLTfPWAQG1zv.0;server=akswtt00300001r;cloudType=Consumer;environment=Prod_southeastasia_prod-s01-065-apac-southeastasia;migrationStage=NotStarted}
{"logTime": "1212/095613", "correlationVector":"vIUiJQOjLHRYSdaSFtA67U","action":"Initial GetUpdates", "result":"", "context":Reason: NEWLY_SUPPORTED_DATATYPE. cV=vIUiJQOjLHRYSdaSFtA67U}
{"logTime": "1212/095614", "correlationVector":"vIUiJQOjLHRYSdaSFtA67U.1","action":"SyncServerConnectionManagerRequest", "result":"SYNC_SERVER_OK", "context":{"environment":"Prod_southeastasia_prod-s01-065-apac-southeastasia", "migrationStage":"NotStarted", "server":"akswtt00300001i"}}
{"logTime": "1212/095614", "correlationVector":"vIUiJQOjLHRYSdaSFtA67U.2","action":"GetUpdates Response", "result":"Success", "context":Received 8 update(s). cV=vIUiJQOjLHRYSdaSFtA67U.0;server=akswtt00300001i;cloudType=Consumer;environment=Prod_southeastasia_prod-s01-065-apac-southeastasia;migrationStage=NotStarted}
{"logTime": "1212/095614", "correlationVector":"+DZzYAfIP7Ipph9QoDosS6","action":"Initial GetUpdates", "result":"", "context":Reason: NEWLY_SUPPORTED_DATATYPE. cV=+DZzYAfIP7Ipph9QoDosS6}
{"logTime": "1212/095616", "correlationVector":"+DZzYAfIP7Ipph9QoDosS6.1","action":"SyncServerConnectionManagerRequest", "result":"SYNC_SERVER_OK", "context":{"environment":"Prod_southeastasia_prod-s01-065-apac-southeastasia", "migrationStage":"NotStarted", "server":"akswtt00300001p"}}
{"logTime": "1212/095616", "correlationVector":"+DZzYAfIP7Ipph9QoDosS6.2","action":"GetUpdates Response", "result":"Success", "context":Received 250 update(s). cV=+DZzYAfIP7Ipph9QoDosS6.0;server=akswtt00300001p;cloudType=Consumer;environment=Prod_southeastasia_prod-s01-065-apac-southeastasia;migrationStage=NotStarted Some updates remain.}
{"logTime": "1212/095616", "correlationVector":"ulL50FQsS9pd7VhKU2jqZu","action":"Initial GetUpdates", "result":"", "context":Reason: NEWLY_SUPPORTED_DATATYPE. cV=ulL50FQsS9pd7VhKU2jqZu}
{"logTime": "1212/095617", "correlationVector":"ulL50FQsS9pd7VhKU2jqZu.1","action":"SyncServerConnectionManagerRequest", "result":"SYNC_SERVER_OK", "context":{"environment":"Prod_southeastasia_prod-s01-065-apac-southeastasia", "migrationStage":"NotStarted", "server":"akswtt00300002l"}}
{"logTime": "1212/095617", "correlationVector":"ulL50FQsS9pd7VhKU2jqZu.2","action":"GetUpdates Response", "result":"Success", "context":Received 250 update(s). cV=ulL50FQsS9pd7VhKU2jqZu.0;server=akswtt00300002l;cloudType=Consumer;environment=Prod_southeastasia_prod-s01-065-apac-southeastasia;migrationStage=NotStarted Some updates remain.}
{"logTime": "1212/095617", "correlationVector":"kU0ZjCxCas6BE1K9BHYzzX","action":"Initial GetUpdates", "result":"", "context":Reason: NEWLY_SUPPORTED_DATATYPE. cV=kU0ZjCxCas6BE1K9BHYzzX}
{"logTime": "1212/095618", "correlationVector":"kU0ZjCxCas6BE1K9BHYzzX.1","action":"SyncServerConnectionManagerRequest", "result":"SYNC_SERVER_OK", "context":{"environment":"Prod_southeastasia_prod-s01-065-apac-southeastasia", "migrationStage":"NotStarted", "server":"akswtt00300001o"}}
{"logTime": "1212/095618", "correlationVector":"kU0ZjCxCas6BE1K9BHYzzX.2","action":"GetUpdates Response", "result":"Success", "context":Received 218 update(s). cV=kU0ZjCxCas6BE1K9BHYzzX.0;server=akswtt00300001o;cloudType=Consumer;environment=Prod_southeastasia_prod-s01-065-apac-southeastasia;migrationStage=NotStarted}
{"logTime": "1212/095618", "correlationVector":"dFljmhz7qmYEAslv/kYsIv","action":"Normal GetUpdate request", "result":"", "context":cV=dFljmhz7qmYEAslv/kYsIv
Refresh requested types: Bookmarks, Passwords, Autofill Profiles, Autofill, History, Edge Wallet, Encryption Keys}
{"logTime": "1212/095619", "correlationVector":"dFljmhz7qmYEAslv/kYsIv.1","action":"SyncServerConnectionManagerRequest", "result":"SYNC_SERVER_OK", "context":{"environment":"Prod_southeastasia_prod-s01-065-apac-southeastasia", "migrationStage":"NotStarted", "server":"akswtt00300001r"}}
{"logTime": "1212/095619", "correlationVector":"dFljmhz7qmYEAslv/kYsIv.2","action":"GetUpdates Response", "result":"Success", "context":Received 0 update(s). cV=dFljmhz7qmYEAslv/kYsIv.0;server=akswtt00300001r;cloudType=Consumer;environment=Prod_southeastasia_prod-s01-065-apac-southeastasia;migrationStage=NotStarted}
{"logTime": "1212/095651", "correlationVector":"tSrJM06Zb9ef55ReEMJmdW","action":"Commit Request", "result":"", "context":Item count: 2
Contributing types: History}
{"logTime": "1212/095652", "correlationVector":"tSrJM06Zb9ef55ReEMJmdW.1","action":"SyncServerConnectionManagerRequest", "result":"SYNC_SERVER_OK", "context":{"environment":"Prod_southeastasia_prod-s01-064-apac-southeastasia", "migrationStage":"NotStarted", "server":"akswtt003000014"}}
{"logTime": "1212/095652", "correlationVector":"tSrJM06Zb9ef55ReEMJmdW.2","action":"Commit Response", "result":"Success", "context":Result: Success. cV=tSrJM06Zb9ef55ReEMJmdW.0;server=akswtt003000014;cloudType=Consumer;environment=Prod_southeastasia_prod-s01-064-apac-southeastasia;migrationStage=NotStarted}
{"logTime": "1212/095952", "correlationVector":"FMpTiyOVitM/bP7jlq9stA","action":"Commit Request", "result":"", "context":Item count: 2
Contributing types: History}
{"logTime": "1212/095953", "correlationVector":"FMpTiyOVitM/bP7jlq9stA.1","action":"SyncServerConnectionManagerRequest", "result":"SYNC_SERVER_OK", "context":{"environment":"Prod_southeastasia_prod-s01-065-apac-southeastasia", "migrationStage":"NotStarted", "server":"akswtt00300001e"}}
{"logTime": "1212/095953", "correlationVector":"FMpTiyOVitM/bP7jlq9stA.2","action":"Commit Response", "result":"Success", "context":Result: Success. cV=FMpTiyOVitM/bP7jlq9stA.0;server=akswtt00300001e;cloudType=Consumer;environment=Prod_southeastasia_prod-s01-065-apac-southeastasia;migrationStage=NotStarted}
{"logTime": "1212/100107", "correlationVector":"QO+IxLdbCRPYpK3Hb+GULH","action":"Normal GetUpdate request", "result":"", "context":cV=QO+IxLdbCRPYpK3Hb+GULH
Refresh requested types: Bookmarks, Passwords, Autofill Profiles, Autofill, History, Edge Wallet, Encryption Keys}
{"logTime": "1212/100107", "correlationVector":"QO+IxLdbCRPYpK3Hb+GULH.1","action":"SyncServerConnectionManagerRequest", "result":"SYNC_SERVER_OK", "context":{"environment":"Prod_southeastasia_prod-s01-065-apac-southeastasia", "migrationStage":"NotStarted", "server":"akswtt00300000t"}}
{"logTime": "1212/100107", "correlationVector":"QO+IxLdbCRPYpK3Hb+GULH.2","action":"GetUpdates Response", "result":"Success", "context":Received 3 update(s). cV=QO+IxLdbCRPYpK3Hb+GULH.0;server=akswtt00300000t;cloudType=Consumer;environment=Prod_southeastasia_prod-s01-065-apac-southeastasia;migrationStage=NotStarted}
